This file contains any messages produced by compilers while
running configure, to aid debugging if configure makes a mistake.

It was created by FreeType configure 2.4.8, which was
generated by GNU Autoconf 2.68.  Invocation command line was

  $ ./configure --host=mipsel-linux --prefix=/home/rrock/dev/vogue/rootfs/usr/local

## --------- ##
## Platform. ##
## --------- ##

hostname = rrockbook
uname -m = x86_64
uname -r = 3.11.0-15-generic
uname -s = Linux
uname -v = #25~precise1-Ubuntu SMP Thu Jan 30 17:39:31 UTC 2014

/usr/bin/uname -p = unknown
/bin/uname -X     = unknown

/bin/arch              = unknown
/usr/bin/arch -k       = unknown
/usr/convex/getsysinfo = unknown
/usr/bin/hostinfo      = unknown
/bin/machine           = unknown
/usr/bin/oslevel       = unknown
/bin/universe          = unknown

PATH: /opt/mipseltools-gcc412-lnx26/bin/
PATH: /usr/lib/lightdm/lightdm
PATH: /usr/local/sbin
PATH: /usr/local/bin
PATH: /usr/sbin
PATH: /usr/bin
PATH: /sbin
PATH: /bin
PATH: /usr/games


## ----------- ##
## Core tests. ##
## ----------- ##

configure:2458: checking build system type
configure:2472: result: x86_64-unknown-linux-gnu
configure:2492: checking host system type
configure:2505: result: mipsel-unknown-linux-gnu
configure:2537: checking for mipsel-linux-gcc
configure:2564: result: /opt/mipseltools-gcc412-lnx26/bin/mipsel-linux-gcc
configure:2833: checking for C compiler version
configure:2842: /opt/mipseltools-gcc412-lnx26/bin/mipsel-linux-gcc --version >&5
mipsel-linux-gcc (GCC) 4.1.2
Copyright (C) 2006 Free Software Foundation, Inc.
This is free software; see the source for copying conditions.  There is NO
warranty; not even for MERCHANTABILITY or FITNESS FOR A PARTICULAR PURPOSE.

configure:2853: $? = 0
configure:2842: /opt/mipseltools-gcc412-lnx26/bin/mipsel-linux-gcc -v >&5
Using built-in specs.
Target: mipsel-linux
Configured with: ../gcc-4.1.2/configure --target=mipsel-linux --host=i686-pc-linux-gnu --prefix=/opt/mipseltools-gcc412-lnx26 --disable-multilib --enable-shared --enable-languages=c,c++ --with-headers=/opt/mipseltools-gcc412-lnx26/mipsel-linux/include
Thread model: posix
gcc version 4.1.2
configure:2853: $? = 0
configure:2842: /opt/mipseltools-gcc412-lnx26/bin/mipsel-linux-gcc -V >&5
mipsel-linux-gcc: '-V' option must have argument
configure:2853: $? = 1
configure:2842: /opt/mipseltools-gcc412-lnx26/bin/mipsel-linux-gcc -qversion >&5
mipsel-linux-gcc: unrecognized option '-qversion'
mipsel-linux-gcc: no input files
configure:2853: $? = 1
configure:2873: checking whether the C compiler works
configure:2895: /opt/mipseltools-gcc412-lnx26/bin/mipsel-linux-gcc  -I/home/rrock/dev/vogue/rootfs/usr/local/include -L/home/rrock/dev/vogue/rootfs/usr/local/lib conftest.c  >&5
configure:2899: $? = 0
configure:2947: result: yes
configure:2950: checking for C compiler default output file name
configure:2952: result: a.out
configure:2958: checking for suffix of executables
configure:2965: /opt/mipseltools-gcc412-lnx26/bin/mipsel-linux-gcc -o conftest  -I/home/rrock/dev/vogue/rootfs/usr/local/include -L/home/rrock/dev/vogue/rootfs/usr/local/lib conftest.c  >&5
configure:2969: $? = 0
configure:2991: result: 
configure:3013: checking whether we are cross compiling
configure:3021: /opt/mipseltools-gcc412-lnx26/bin/mipsel-linux-gcc -o conftest  -I/home/rrock/dev/vogue/rootfs/usr/local/include -L/home/rrock/dev/vogue/rootfs/usr/local/lib conftest.c  >&5
configure:3025: $? = 0
configure:3032: ./conftest
./configure: line 3034: ./conftest: cannot execute binary file
configure:3036: $? = 126
configure:3051: result: yes
configure:3056: checking for suffix of object files
configure:3078: /opt/mipseltools-gcc412-lnx26/bin/mipsel-linux-gcc -c  -I/home/rrock/dev/vogue/rootfs/usr/local/include conftest.c >&5
configure:3082: $? = 0
configure:3103: result: o
configure:3107: checking whether we are using the GNU C compiler
configure:3126: /opt/mipseltools-gcc412-lnx26/bin/mipsel-linux-gcc -c  -I/home/rrock/dev/vogue/rootfs/usr/local/include conftest.c >&5
configure:3126: $? = 0
configure:3135: result: yes
configure:3144: checking whether /opt/mipseltools-gcc412-lnx26/bin/mipsel-linux-gcc accepts -g
configure:3164: /opt/mipseltools-gcc412-lnx26/bin/mipsel-linux-gcc -c -g -I/home/rrock/dev/vogue/rootfs/usr/local/include conftest.c >&5
configure:3164: $? = 0
configure:3205: result: yes
configure:3222: checking for /opt/mipseltools-gcc412-lnx26/bin/mipsel-linux-gcc option to accept ISO C89
configure:3286: /opt/mipseltools-gcc412-lnx26/bin/mipsel-linux-gcc  -c -g -O2 -I/home/rrock/dev/vogue/rootfs/usr/local/include conftest.c >&5
configure:3286: $? = 0
configure:3299: result: none needed
configure:3324: checking how to run the C preprocessor
configure:3355: /opt/mipseltools-gcc412-lnx26/bin/mipsel-linux-gcc -E -I/home/rrock/dev/vogue/rootfs/usr/local/include conftest.c
configure:3355: $? = 0
configure:3369: /opt/mipseltools-gcc412-lnx26/bin/mipsel-linux-gcc -E -I/home/rrock/dev/vogue/rootfs/usr/local/include conftest.c
conftest.c:9:28: error: ac_nonexistent.h: No such file or directory
configure:3369: $? = 1
configure: failed program was:
| /* confdefs.h */
| #define PACKAGE_NAME "FreeType"
| #define PACKAGE_TARNAME "freetype"
| #define PACKAGE_VERSION "2.4.8"
| #define PACKAGE_STRING "FreeType 2.4.8"
| #define PACKAGE_BUGREPORT "freetype@nongnu.org"
| #define PACKAGE_URL ""
| /* end confdefs.h.  */
| #include <ac_nonexistent.h>
configure:3394: result: /opt/mipseltools-gcc412-lnx26/bin/mipsel-linux-gcc -E
configure:3414: /opt/mipseltools-gcc412-lnx26/bin/mipsel-linux-gcc -E -I/home/rrock/dev/vogue/rootfs/usr/local/include conftest.c
configure:3414: $? = 0
configure:3428: /opt/mipseltools-gcc412-lnx26/bin/mipsel-linux-gcc -E -I/home/rrock/dev/vogue/rootfs/usr/local/include conftest.c
conftest.c:9:28: error: ac_nonexistent.h: No such file or directory
configure:3428: $? = 1
configure: failed program was:
| /* confdefs.h */
| #define PACKAGE_NAME "FreeType"
| #define PACKAGE_TARNAME "freetype"
| #define PACKAGE_VERSION "2.4.8"
| #define PACKAGE_STRING "FreeType 2.4.8"
| #define PACKAGE_BUGREPORT "freetype@nongnu.org"
| #define PACKAGE_URL ""
| /* end confdefs.h.  */
| #include <ac_nonexistent.h>
configure:3464: checking for x86_64-unknown-linux-gnu-gcc
configure:3494: result: no
configure:3501: checking for gcc
configure:3517: found /usr/bin/gcc
configure:3528: result: gcc
configure:3538: checking for gcc
configure:3582: result: gcc
configure:3592: checking for suffix of native executables
configure:3606: result: 
configure:3644: checking for rm
configure:3660: found /bin/rm
configure:3671: result: rm -f
configure:3681: checking for rmdir
configure:3697: found /bin/rmdir
configure:3708: result: rmdir
configure:3736: checking for a BSD-compatible install
configure:3804: result: /usr/bin/install -c
configure:3828: checking for grep that handles long lines and -e
configure:3886: result: /bin/grep
configure:3891: checking for egrep
configure:3953: result: /bin/grep -E
configure:3958: checking for ANSI C header files
configure:3978: /opt/mipseltools-gcc412-lnx26/bin/mipsel-linux-gcc -c -g -O2 -I/home/rrock/dev/vogue/rootfs/usr/local/include conftest.c >&5
configure:3978: $? = 0
configure:4062: result: yes
configure:4075: checking for sys/types.h
configure:4075: /opt/mipseltools-gcc412-lnx26/bin/mipsel-linux-gcc -c -g -O2 -I/home/rrock/dev/vogue/rootfs/usr/local/include conftest.c >&5
configure:4075: $? = 0
configure:4075: result: yes
configure:4075: checking for sys/stat.h
configure:4075: /opt/mipseltools-gcc412-lnx26/bin/mipsel-linux-gcc -c -g -O2 -I/home/rrock/dev/vogue/rootfs/usr/local/include conftest.c >&5
configure:4075: $? = 0
configure:4075: result: yes
configure:4075: checking for stdlib.h
configure:4075: /opt/mipseltools-gcc412-lnx26/bin/mipsel-linux-gcc -c -g -O2 -I/home/rrock/dev/vogue/rootfs/usr/local/include conftest.c >&5
configure:4075: $? = 0
configure:4075: result: yes
configure:4075: checking for string.h
configure:4075: /opt/mipseltools-gcc412-lnx26/bin/mipsel-linux-gcc -c -g -O2 -I/home/rrock/dev/vogue/rootfs/usr/local/include conftest.c >&5
configure:4075: $? = 0
configure:4075: result: yes
configure:4075: checking for memory.h
configure:4075: /opt/mipseltools-gcc412-lnx26/bin/mipsel-linux-gcc -c -g -O2 -I/home/rrock/dev/vogue/rootfs/usr/local/include conftest.c >&5
configure:4075: $? = 0
configure:4075: result: yes
configure:4075: checking for strings.h
configure:4075: /opt/mipseltools-gcc412-lnx26/bin/mipsel-linux-gcc -c -g -O2 -I/home/rrock/dev/vogue/rootfs/usr/local/include conftest.c >&5
configure:4075: $? = 0
configure:4075: result: yes
configure:4075: checking for inttypes.h
configure:4075: /opt/mipseltools-gcc412-lnx26/bin/mipsel-linux-gcc -c -g -O2 -I/home/rrock/dev/vogue/rootfs/usr/local/include conftest.c >&5
configure:4075: $? = 0
configure:4075: result: yes
configure:4075: checking for stdint.h
configure:4075: /opt/mipseltools-gcc412-lnx26/bin/mipsel-linux-gcc -c -g -O2 -I/home/rrock/dev/vogue/rootfs/usr/local/include conftest.c >&5
configure:4075: $? = 0
configure:4075: result: yes
configure:4075: checking for unistd.h
configure:4075: /opt/mipseltools-gcc412-lnx26/bin/mipsel-linux-gcc -c -g -O2 -I/home/rrock/dev/vogue/rootfs/usr/local/include conftest.c >&5
configure:4075: $? = 0
configure:4075: result: yes
configure:4090: checking fcntl.h usability
configure:4090: /opt/mipseltools-gcc412-lnx26/bin/mipsel-linux-gcc -c -g -O2 -I/home/rrock/dev/vogue/rootfs/usr/local/include conftest.c >&5
configure:4090: $? = 0
configure:4090: result: yes
configure:4090: checking fcntl.h presence
configure:4090: /opt/mipseltools-gcc412-lnx26/bin/mipsel-linux-gcc -E -I/home/rrock/dev/vogue/rootfs/usr/local/include conftest.c
configure:4090: $? = 0
configure:4090: result: yes
configure:4090: checking for fcntl.h
configure:4090: result: yes
configure:4090: checking for unistd.h
configure:4090: result: yes
configure:4104: checking for an ANSI C-conforming const
configure:4169: /opt/mipseltools-gcc412-lnx26/bin/mipsel-linux-gcc -c -g -O2 -I/home/rrock/dev/vogue/rootfs/usr/local/include conftest.c >&5
configure:4169: $? = 0
configure:4176: result: yes
configure:4188: checking size of int
configure:4193: /opt/mipseltools-gcc412-lnx26/bin/mipsel-linux-gcc -c -g -O2 -I/home/rrock/dev/vogue/rootfs/usr/local/include conftest.c >&5
configure:4193: $? = 0
configure:4193: /opt/mipseltools-gcc412-lnx26/bin/mipsel-linux-gcc -c -g -O2 -I/home/rrock/dev/vogue/rootfs/usr/local/include conftest.c >&5
conftest.c: In function 'main':
conftest.c:57: error: size of array 'test_array' is negative
configure:4193: $? = 1
configure: failed program was:
| /* confdefs.h */
| #define PACKAGE_NAME "FreeType"
| #define PACKAGE_TARNAME "freetype"
| #define PACKAGE_VERSION "2.4.8"
| #define PACKAGE_STRING "FreeType 2.4.8"
| #define PACKAGE_BUGREPORT "freetype@nongnu.org"
| #define PACKAGE_URL ""
| #define STDC_HEADERS 1
| #define HAVE_SYS_TYPES_H 1
| #define HAVE_SYS_STAT_H 1
| #define HAVE_STDLIB_H 1
| #define HAVE_STRING_H 1
| #define HAVE_MEMORY_H 1
| #define HAVE_STRINGS_H 1
| #define HAVE_INTTYPES_H 1
| #define HAVE_STDINT_H 1
| #define HAVE_UNISTD_H 1
| #define HAVE_FCNTL_H 1
| #define HAVE_UNISTD_H 1
| /* end confdefs.h.  */
| #include <stdio.h>
| #ifdef HAVE_SYS_TYPES_H
| # include <sys/types.h>
| #endif
| #ifdef HAVE_SYS_STAT_H
| # include <sys/stat.h>
| #endif
| #ifdef STDC_HEADERS
| # include <stdlib.h>
| # include <stddef.h>
| #else
| # ifdef HAVE_STDLIB_H
| #  include <stdlib.h>
| # endif
| #endif
| #ifdef HAVE_STRING_H
| # if !defined STDC_HEADERS && defined HAVE_MEMORY_H
| #  include <memory.h>
| # endif
| # include <string.h>
| #endif
| #ifdef HAVE_STRINGS_H
| # include <strings.h>
| #endif
| #ifdef HAVE_INTTYPES_H
| # include <inttypes.h>
| #endif
| #ifdef HAVE_STDINT_H
| # include <stdint.h>
| #endif
| #ifdef HAVE_UNISTD_H
| # include <unistd.h>
| #endif
| int
| main ()
| {
| static int test_array [1 - 2 * !(((long int) (sizeof (int))) <= 0)];
| test_array [0] = 0
| 
|   ;
|   return 0;
| }
configure:4193: /opt/mipseltools-gcc412-lnx26/bin/mipsel-linux-gcc -c -g -O2 -I/home/rrock/dev/vogue/rootfs/usr/local/include conftest.c >&5
conftest.c: In function 'main':
conftest.c:57: error: size of array 'test_array' is negative
configure:4193: $? = 1
configure: failed program was:
| /* confdefs.h */
| #define PACKAGE_NAME "FreeType"
| #define PACKAGE_TARNAME "freetype"
| #define PACKAGE_VERSION "2.4.8"
| #define PACKAGE_STRING "FreeType 2.4.8"
| #define PACKAGE_BUGREPORT "freetype@nongnu.org"
| #define PACKAGE_URL ""
| #define STDC_HEADERS 1
| #define HAVE_SYS_TYPES_H 1
| #define HAVE_SYS_STAT_H 1
| #define HAVE_STDLIB_H 1
| #define HAVE_STRING_H 1
| #define HAVE_MEMORY_H 1
| #define HAVE_STRINGS_H 1
| #define HAVE_INTTYPES_H 1
| #define HAVE_STDINT_H 1
| #define HAVE_UNISTD_H 1
| #define HAVE_FCNTL_H 1
| #define HAVE_UNISTD_H 1
| /* end confdefs.h.  */
| #include <stdio.h>
| #ifdef HAVE_SYS_TYPES_H
| # include <sys/types.h>
| #endif
| #ifdef HAVE_SYS_STAT_H
| # include <sys/stat.h>
| #endif
| #ifdef STDC_HEADERS
| # include <stdlib.h>
| # include <stddef.h>
| #else
| # ifdef HAVE_STDLIB_H
| #  include <stdlib.h>
| # endif
| #endif
| #ifdef HAVE_STRING_H
| # if !defined STDC_HEADERS && defined HAVE_MEMORY_H
| #  include <memory.h>
| # endif
| # include <string.h>
| #endif
| #ifdef HAVE_STRINGS_H
| # include <strings.h>
| #endif
| #ifdef HAVE_INTTYPES_H
| # include <inttypes.h>
| #endif
| #ifdef HAVE_STDINT_H
| # include <stdint.h>
| #endif
| #ifdef HAVE_UNISTD_H
| # include <unistd.h>
| #endif
| int
| main ()
| {
| static int test_array [1 - 2 * !(((long int) (sizeof (int))) <= 1)];
| test_array [0] = 0
| 
|   ;
|   return 0;
| }
configure:4193: /opt/mipseltools-gcc412-lnx26/bin/mipsel-linux-gcc -c -g -O2 -I/home/rrock/dev/vogue/rootfs/usr/local/include conftest.c >&5
conftest.c: In function 'main':
conftest.c:57: error: size of array 'test_array' is negative
configure:4193: $? = 1
configure: failed program was:
| /* confdefs.h */
| #define PACKAGE_NAME "FreeType"
| #define PACKAGE_TARNAME "freetype"
| #define PACKAGE_VERSION "2.4.8"
| #define PACKAGE_STRING "FreeType 2.4.8"
| #define PACKAGE_BUGREPORT "freetype@nongnu.org"
| #define PACKAGE_URL ""
| #define STDC_HEADERS 1
| #define HAVE_SYS_TYPES_H 1
| #define HAVE_SYS_STAT_H 1
| #define HAVE_STDLIB_H 1
| #define HAVE_STRING_H 1
| #define HAVE_MEMORY_H 1
| #define HAVE_STRINGS_H 1
| #define HAVE_INTTYPES_H 1
| #define HAVE_STDINT_H 1
| #define HAVE_UNISTD_H 1
| #define HAVE_FCNTL_H 1
| #define HAVE_UNISTD_H 1
| /* end confdefs.h.  */
| #include <stdio.h>
| #ifdef HAVE_SYS_TYPES_H
| # include <sys/types.h>
| #endif
| #ifdef HAVE_SYS_STAT_H
| # include <sys/stat.h>
| #endif
| #ifdef STDC_HEADERS
| # include <stdlib.h>
| # include <stddef.h>
| #else
| # ifdef HAVE_STDLIB_H
| #  include <stdlib.h>
| # endif
| #endif
| #ifdef HAVE_STRING_H
| # if !defined STDC_HEADERS && defined HAVE_MEMORY_H
| #  include <memory.h>
| # endif
| # include <string.h>
| #endif
| #ifdef HAVE_STRINGS_H
| # include <strings.h>
| #endif
| #ifdef HAVE_INTTYPES_H
| # include <inttypes.h>
| #endif
| #ifdef HAVE_STDINT_H
| # include <stdint.h>
| #endif
| #ifdef HAVE_UNISTD_H
| # include <unistd.h>
| #endif
| int
| main ()
| {
| static int test_array [1 - 2 * !(((long int) (sizeof (int))) <= 3)];
| test_array [0] = 0
| 
|   ;
|   return 0;
| }
configure:4193: /opt/mipseltools-gcc412-lnx26/bin/mipsel-linux-gcc -c -g -O2 -I/home/rrock/dev/vogue/rootfs/usr/local/include conftest.c >&5
configure:4193: $? = 0
configure:4193: /opt/mipseltools-gcc412-lnx26/bin/mipsel-linux-gcc -c -g -O2 -I/home/rrock/dev/vogue/rootfs/usr/local/include conftest.c >&5
configure:4193: $? = 0
configure:4193: /opt/mipseltools-gcc412-lnx26/bin/mipsel-linux-gcc -c -g -O2 -I/home/rrock/dev/vogue/rootfs/usr/local/include conftest.c >&5
configure:4193: $? = 0
configure:4207: result: 4
configure:4221: checking size of long
configure:4226: /opt/mipseltools-gcc412-lnx26/bin/mipsel-linux-gcc -c -g -O2 -I/home/rrock/dev/vogue/rootfs/usr/local/include conftest.c >&5
configure:4226: $? = 0
configure:4226: /opt/mipseltools-gcc412-lnx26/bin/mipsel-linux-gcc -c -g -O2 -I/home/rrock/dev/vogue/rootfs/usr/local/include conftest.c >&5
conftest.c: In function 'main':
conftest.c:58: error: size of array 'test_array' is negative
configure:4226: $? = 1
configure: failed program was:
| /* confdefs.h */
| #define PACKAGE_NAME "FreeType"
| #define PACKAGE_TARNAME "freetype"
| #define PACKAGE_VERSION "2.4.8"
| #define PACKAGE_STRING "FreeType 2.4.8"
| #define PACKAGE_BUGREPORT "freetype@nongnu.org"
| #define PACKAGE_URL ""
| #define STDC_HEADERS 1
| #define HAVE_SYS_TYPES_H 1
| #define HAVE_SYS_STAT_H 1
| #define HAVE_STDLIB_H 1
| #define HAVE_STRING_H 1
| #define HAVE_MEMORY_H 1
| #define HAVE_STRINGS_H 1
| #define HAVE_INTTYPES_H 1
| #define HAVE_STDINT_H 1
| #define HAVE_UNISTD_H 1
| #define HAVE_FCNTL_H 1
| #define HAVE_UNISTD_H 1
| #define SIZEOF_INT 4
| /* end confdefs.h.  */
| #include <stdio.h>
| #ifdef HAVE_SYS_TYPES_H
| # include <sys/types.h>
| #endif
| #ifdef HAVE_SYS_STAT_H
| # include <sys/stat.h>
| #endif
| #ifdef STDC_HEADERS
| # include <stdlib.h>
| # include <stddef.h>
| #else
| # ifdef HAVE_STDLIB_H
| #  include <stdlib.h>
| # endif
| #endif
| #ifdef HAVE_STRING_H
| # if !defined STDC_HEADERS && defined HAVE_MEMORY_H
| #  include <memory.h>
| # endif
| # include <string.h>
| #endif
| #ifdef HAVE_STRINGS_H
| # include <strings.h>
| #endif
| #ifdef HAVE_INTTYPES_H
| # include <inttypes.h>
| #endif
| #ifdef HAVE_STDINT_H
| # include <stdint.h>
| #endif
| #ifdef HAVE_UNISTD_H
| # include <unistd.h>
| #endif
| int
| main ()
| {
| static int test_array [1 - 2 * !(((long int) (sizeof (long))) <= 0)];
| test_array [0] = 0
| 
|   ;
|   return 0;
| }
configure:4226: /opt/mipseltools-gcc412-lnx26/bin/mipsel-linux-gcc -c -g -O2 -I/home/rrock/dev/vogue/rootfs/usr/local/include conftest.c >&5
conftest.c: In function 'main':
conftest.c:58: error: size of array 'test_array' is negative
configure:4226: $? = 1
configure: failed program was:
| /* confdefs.h */
| #define PACKAGE_NAME "FreeType"
| #define PACKAGE_TARNAME "freetype"
| #define PACKAGE_VERSION "2.4.8"
| #define PACKAGE_STRING "FreeType 2.4.8"
| #define PACKAGE_BUGREPORT "freetype@nongnu.org"
| #define PACKAGE_URL ""
| #define STDC_HEADERS 1
| #define HAVE_SYS_TYPES_H 1
| #define HAVE_SYS_STAT_H 1
| #define HAVE_STDLIB_H 1
| #define HAVE_STRING_H 1
| #define HAVE_MEMORY_H 1
| #define HAVE_STRINGS_H 1
| #define HAVE_INTTYPES_H 1
| #define HAVE_STDINT_H 1
| #define HAVE_UNISTD_H 1
| #define HAVE_FCNTL_H 1
| #define HAVE_UNISTD_H 1
| #define SIZEOF_INT 4
| /* end confdefs.h.  */
| #include <stdio.h>
| #ifdef HAVE_SYS_TYPES_H
| # include <sys/types.h>
| #endif
| #ifdef HAVE_SYS_STAT_H
| # include <sys/stat.h>
| #endif
| #ifdef STDC_HEADERS
| # include <stdlib.h>
| # include <stddef.h>
| #else
| # ifdef HAVE_STDLIB_H
| #  include <stdlib.h>
| # endif
| #endif
| #ifdef HAVE_STRING_H
| # if !defined STDC_HEADERS && defined HAVE_MEMORY_H
| #  include <memory.h>
| # endif
| # include <string.h>
| #endif
| #ifdef HAVE_STRINGS_H
| # include <strings.h>
| #endif
| #ifdef HAVE_INTTYPES_H
| # include <inttypes.h>
| #endif
| #ifdef HAVE_STDINT_H
| # include <stdint.h>
| #endif
| #ifdef HAVE_UNISTD_H
| # include <unistd.h>
| #endif
| int
| main ()
| {
| static int test_array [1 - 2 * !(((long int) (sizeof (long))) <= 1)];
| test_array [0] = 0
| 
|   ;
|   return 0;
| }
configure:4226: /opt/mipseltools-gcc412-lnx26/bin/mipsel-linux-gcc -c -g -O2 -I/home/rrock/dev/vogue/rootfs/usr/local/include conftest.c >&5
conftest.c: In function 'main':
conftest.c:58: error: size of array 'test_array' is negative
configure:4226: $? = 1
configure: failed program was:
| /* confdefs.h */
| #define PACKAGE_NAME "FreeType"
| #define PACKAGE_TARNAME "freetype"
| #define PACKAGE_VERSION "2.4.8"
| #define PACKAGE_STRING "FreeType 2.4.8"
| #define PACKAGE_BUGREPORT "freetype@nongnu.org"
| #define PACKAGE_URL ""
| #define STDC_HEADERS 1
| #define HAVE_SYS_TYPES_H 1
| #define HAVE_SYS_STAT_H 1
| #define HAVE_STDLIB_H 1
| #define HAVE_STRING_H 1
| #define HAVE_MEMORY_H 1
| #define HAVE_STRINGS_H 1
| #define HAVE_INTTYPES_H 1
| #define HAVE_STDINT_H 1
| #define HAVE_UNISTD_H 1
| #define HAVE_FCNTL_H 1
| #define HAVE_UNISTD_H 1
| #define SIZEOF_INT 4
| /* end confdefs.h.  */
| #include <stdio.h>
| #ifdef HAVE_SYS_TYPES_H
| # include <sys/types.h>
| #endif
| #ifdef HAVE_SYS_STAT_H
| # include <sys/stat.h>
| #endif
| #ifdef STDC_HEADERS
| # include <stdlib.h>
| # include <stddef.h>
| #else
| # ifdef HAVE_STDLIB_H
| #  include <stdlib.h>
| # endif
| #endif
| #ifdef HAVE_STRING_H
| # if !defined STDC_HEADERS && defined HAVE_MEMORY_H
| #  include <memory.h>
| # endif
| # include <string.h>
| #endif
| #ifdef HAVE_STRINGS_H
| # include <strings.h>
| #endif
| #ifdef HAVE_INTTYPES_H
| # include <inttypes.h>
| #endif
| #ifdef HAVE_STDINT_H
| # include <stdint.h>
| #endif
| #ifdef HAVE_UNISTD_H
| # include <unistd.h>
| #endif
| int
| main ()
| {
| static int test_array [1 - 2 * !(((long int) (sizeof (long))) <= 3)];
| test_array [0] = 0
| 
|   ;
|   return 0;
| }
configure:4226: /opt/mipseltools-gcc412-lnx26/bin/mipsel-linux-gcc -c -g -O2 -I/home/rrock/dev/vogue/rootfs/usr/local/include conftest.c >&5
configure:4226: $? = 0
configure:4226: /opt/mipseltools-gcc412-lnx26/bin/mipsel-linux-gcc -c -g -O2 -I/home/rrock/dev/vogue/rootfs/usr/local/include conftest.c >&5
configure:4226: $? = 0
configure:4226: /opt/mipseltools-gcc412-lnx26/bin/mipsel-linux-gcc -c -g -O2 -I/home/rrock/dev/vogue/rootfs/usr/local/include conftest.c >&5
configure:4226: $? = 0
configure:4240: result: 4
configure:4254: checking cpp computation of bit length in ftconfig.in works
configure:4305: result: yes
configure:4342: checking for stdlib.h
configure:4342: result: yes
configure:4342: checking for unistd.h
configure:4342: result: yes
configure:4342: checking for sys/param.h
configure:4342: /opt/mipseltools-gcc412-lnx26/bin/mipsel-linux-gcc -c -g -O2 -I/home/rrock/dev/vogue/rootfs/usr/local/include conftest.c >&5
configure:4342: $? = 0
configure:4342: result: yes
configure:4362: checking for getpagesize
configure:4362: /opt/mipseltools-gcc412-lnx26/bin/mipsel-linux-gcc -o conftest -g -O2 -I/home/rrock/dev/vogue/rootfs/usr/local/include -L/home/rrock/dev/vogue/rootfs/usr/local/lib conftest.c  >&5
configure:4362: $? = 0
configure:4362: result: yes
configure:4371: checking for working mmap
configure:4528: result: no
configure:4596: checking for memcpy
configure:4596: /opt/mipseltools-gcc412-lnx26/bin/mipsel-linux-gcc -o conftest -g -O2 -I/home/rrock/dev/vogue/rootfs/usr/local/include -L/home/rrock/dev/vogue/rootfs/usr/local/lib conftest.c  >&5
conftest.c:50: warning: conflicting types for built-in function 'memcpy'
configure:4596: $? = 0
configure:4596: result: yes
configure:4596: checking for memmove
configure:4596: /opt/mipseltools-gcc412-lnx26/bin/mipsel-linux-gcc -o conftest -g -O2 -I/home/rrock/dev/vogue/rootfs/usr/local/include -L/home/rrock/dev/vogue/rootfs/usr/local/lib conftest.c  >&5
conftest.c:51: warning: conflicting types for built-in function 'memmove'
configure:4596: $? = 0
configure:4596: result: yes
configure:4617: checking for gzsetparams in -lz
configure:4642: /opt/mipseltools-gcc412-lnx26/bin/mipsel-linux-gcc -o conftest -g -O2 -I/home/rrock/dev/vogue/rootfs/usr/local/include -L/home/rrock/dev/vogue/rootfs/usr/local/lib conftest.c -lz   >&5
configure:4642: $? = 0
configure:4651: result: yes
configure:4654: checking zlib.h usability
configure:4654: /opt/mipseltools-gcc412-lnx26/bin/mipsel-linux-gcc -c -g -O2 -I/home/rrock/dev/vogue/rootfs/usr/local/include conftest.c >&5
configure:4654: $? = 0
configure:4654: result: yes
configure:4654: checking zlib.h presence
configure:4654: /opt/mipseltools-gcc412-lnx26/bin/mipsel-linux-gcc -E -I/home/rrock/dev/vogue/rootfs/usr/local/include conftest.c
configure:4654: $? = 0
configure:4654: result: yes
configure:4654: checking for zlib.h
configure:4654: result: yes
configure:4679: checking for BZ2_bzDecompress in -lbz2
configure:4704: /opt/mipseltools-gcc412-lnx26/bin/mipsel-linux-gcc -o conftest -g -O2 -DFT_CONFIG_OPTION_SYSTEM_ZLIB -I/home/rrock/dev/vogue/rootfs/usr/local/include -L/home/rrock/dev/vogue/rootfs/usr/local/lib -lz conftest.c -lbz2   >&5
/opt/mipseltools-gcc412-lnx26/lib/gcc/mipsel-linux/4.1.2/../../../../mipsel-linux/bin/ld: cannot find -lbz2
collect2: ld returned 1 exit status
configure:4704: $? = 1
configure: failed program was:
| /* confdefs.h */
| #define PACKAGE_NAME "FreeType"
| #define PACKAGE_TARNAME "freetype"
| #define PACKAGE_VERSION "2.4.8"
| #define PACKAGE_STRING "FreeType 2.4.8"
| #define PACKAGE_BUGREPORT "freetype@nongnu.org"
| #define PACKAGE_URL ""
| #define STDC_HEADERS 1
| #define HAVE_SYS_TYPES_H 1
| #define HAVE_SYS_STAT_H 1
| #define HAVE_STDLIB_H 1
| #define HAVE_STRING_H 1
| #define HAVE_MEMORY_H 1
| #define HAVE_STRINGS_H 1
| #define HAVE_INTTYPES_H 1
| #define HAVE_STDINT_H 1
| #define HAVE_UNISTD_H 1
| #define HAVE_FCNTL_H 1
| #define HAVE_UNISTD_H 1
| #define SIZEOF_INT 4
| #define SIZEOF_LONG 4
| #define HAVE_STDLIB_H 1
| #define HAVE_UNISTD_H 1
| #define HAVE_SYS_PARAM_H 1
| #define HAVE_GETPAGESIZE 1
| #define HAVE_MEMCPY 1
| #define HAVE_MEMMOVE 1
| /* end confdefs.h.  */
| 
| /* Override any GCC internal prototype to avoid an error.
|    Use char because int might match the return type of a GCC
|    builtin and then its argument prototype would still apply.  */
| #ifdef __cplusplus
| extern "C"
| #endif
| char BZ2_bzDecompress ();
| int
| main ()
| {
| return BZ2_bzDecompress ();
|   ;
|   return 0;
| }
configure:4713: result: no
configure:5365: checking how to print strings
configure:5392: result: printf
configure:5413: checking for a sed that does not truncate output
configure:5477: result: /bin/sed
configure:5495: checking for fgrep
configure:5557: result: /bin/grep -F
configure:5592: checking for ld used by /opt/mipseltools-gcc412-lnx26/bin/mipsel-linux-gcc
configure:5659: result: /opt/mipseltools-gcc412-lnx26/bin/mipsel-linux-ld
configure:5666: checking if the linker (/opt/mipseltools-gcc412-lnx26/bin/mipsel-linux-ld) is GNU ld
configure:5681: result: yes
configure:5693: checking for BSD- or MS-compatible name lister (nm)
configure:5742: result: /opt/mipseltools-gcc412-lnx26/bin/mipsel-linux-nm
configure:5872: checking the name lister (/opt/mipseltools-gcc412-lnx26/bin/mipsel-linux-nm) interface
configure:5879: /opt/mipseltools-gcc412-lnx26/bin/mipsel-linux-gcc -c -g -O2 -DFT_CONFIG_OPTION_SYSTEM_ZLIB -I/home/rrock/dev/vogue/rootfs/usr/local/include conftest.c >&5
configure:5882: /opt/mipseltools-gcc412-lnx26/bin/mipsel-linux-nm "conftest.o"
configure:5885: output
00000000 B some_variable
configure:5892: result: BSD nm
configure:5895: checking whether ln -s works
configure:5899: result: yes
configure:5907: checking the maximum length of command line arguments
configure:6032: result: 3458764513820540925
configure:6049: checking whether the shell understands some XSI constructs
configure:6059: result: yes
configure:6063: checking whether the shell understands "+="
configure:6069: result: yes
configure:6104: checking how to convert x86_64-unknown-linux-gnu file names to mipsel-unknown-linux-gnu format
configure:6144: result: func_convert_file_noop
configure:6151: checking how to convert x86_64-unknown-linux-gnu file names to toolchain format
configure:6171: result: func_convert_file_noop
configure:6178: checking for /opt/mipseltools-gcc412-lnx26/bin/mipsel-linux-ld option to reload object files
configure:6185: result: -r
configure:6219: checking for mipsel-linux-objdump
configure:6235: found /opt/mipseltools-gcc412-lnx26/bin//mipsel-linux-objdump
configure:6246: result: mipsel-linux-objdump
configure:6315: checking how to recognize dependent libraries
configure:6517: result: pass_all
configure:6562: checking for mipsel-linux-dlltool
configure:6592: result: no
configure:6602: checking for dlltool
configure:6632: result: no
configure:6659: checking how to associate runtime and link libraries
configure:6686: result: printf %s\n
configure:6702: checking for mipsel-linux-ar
configure:6729: result: /opt/mipseltools-gcc412-lnx26/bin/mipsel-linux-ar
configure:6810: checking for archiver @FILE support
configure:6827: /opt/mipseltools-gcc412-lnx26/bin/mipsel-linux-gcc -c -g -O2 -DFT_CONFIG_OPTION_SYSTEM_ZLIB -I/home/rrock/dev/vogue/rootfs/usr/local/include conftest.c >&5
configure:6827: $? = 0
configure:6830: /opt/mipseltools-gcc412-lnx26/bin/mipsel-linux-ar cru libconftest.a @conftest.lst >&5
configure:6833: $? = 0
configure:6838: /opt/mipseltools-gcc412-lnx26/bin/mipsel-linux-ar cru libconftest.a @conftest.lst >&5
/opt/mipseltools-gcc412-lnx26/bin/mipsel-linux-ar: conftest.o: No such file or directory
configure:6841: $? = 1
configure:6853: result: @
configure:6871: checking for mipsel-linux-strip
configure:6887: found /opt/mipseltools-gcc412-lnx26/bin//mipsel-linux-strip
configure:6898: result: mipsel-linux-strip
configure:6970: checking for mipsel-linux-ranlib
configure:6997: result: /opt/mipseltools-gcc412-lnx26/bin/mipsel-linux-ranlib
configure:7114: checking for gawk
configure:7144: result: no
configure:7114: checking for mawk
configure:7130: found /usr/bin/mawk
configure:7141: result: mawk
configure:7181: checking command to parse /opt/mipseltools-gcc412-lnx26/bin/mipsel-linux-nm output from /opt/mipseltools-gcc412-lnx26/bin/mipsel-linux-gcc object
configure:7300: /opt/mipseltools-gcc412-lnx26/bin/mipsel-linux-gcc -c -g -O2 -DFT_CONFIG_OPTION_SYSTEM_ZLIB -I/home/rrock/dev/vogue/rootfs/usr/local/include conftest.c >&5
configure:7303: $? = 0
configure:7307: /opt/mipseltools-gcc412-lnx26/bin/mipsel-linux-nm conftest.o \| sed -n -e 's/^.*[ ]\([ABCDGIRSTW][ABCDGIRSTW]*\)[ ][ ]*\([_A-Za-z][_A-Za-z0-9]*\)$/\1 \2 \2/p' | sed '/ __gnu_lto/d' \> conftest.nm
configure:7310: $? = 0
configure:7376: /opt/mipseltools-gcc412-lnx26/bin/mipsel-linux-gcc -o conftest -g -O2 -DFT_CONFIG_OPTION_SYSTEM_ZLIB -I/home/rrock/dev/vogue/rootfs/usr/local/include -L/home/rrock/dev/vogue/rootfs/usr/local/lib -lz conftest.c conftstm.o >&5
configure:7379: $? = 0
configure:7417: result: ok
configure:7454: checking for sysroot
configure:7484: result: no
configure:7687: checking for mipsel-linux-mt
configure:7717: result: no
configure:7727: checking for mt
configure:7743: found /bin/mt
configure:7754: result: mt
configure:7766: WARNING: using cross tools not prefixed with host triplet
configure:7777: checking if mt is a manifest tool
configure:7783: mt '-?'
configure:7791: result: no
configure:8420: checking for dlfcn.h
configure:8420: /opt/mipseltools-gcc412-lnx26/bin/mipsel-linux-gcc -c -g -O2 -DFT_CONFIG_OPTION_SYSTEM_ZLIB -I/home/rrock/dev/vogue/rootfs/usr/local/include conftest.c >&5
configure:8420: $? = 0
configure:8420: result: yes
configure:8905: checking for objdir
configure:8920: result: .libs
configure:9187: checking if /opt/mipseltools-gcc412-lnx26/bin/mipsel-linux-gcc supports -fno-rtti -fno-exceptions
configure:9205: /opt/mipseltools-gcc412-lnx26/bin/mipsel-linux-gcc -c -g -O2 -DFT_CONFIG_OPTION_SYSTEM_ZLIB -I/home/rrock/dev/vogue/rootfs/usr/local/include -fno-rtti -fno-exceptions conftest.c >&5
cc1: warning: command line option "-fno-rtti" is valid for C++/ObjC++ but not for C
configure:9209: $? = 0
configure:9222: result: no
configure:9532: checking for /opt/mipseltools-gcc412-lnx26/bin/mipsel-linux-gcc option to produce PIC
configure:9539: result: -fPIC -DPIC
configure:9547: checking if /opt/mipseltools-gcc412-lnx26/bin/mipsel-linux-gcc PIC flag -fPIC -DPIC works
configure:9565: /opt/mipseltools-gcc412-lnx26/bin/mipsel-linux-gcc -c -g -O2 -DFT_CONFIG_OPTION_SYSTEM_ZLIB -I/home/rrock/dev/vogue/rootfs/usr/local/include -fPIC -DPIC -DPIC conftest.c >&5
configure:9569: $? = 0
configure:9582: result: yes
configure:9611: checking if /opt/mipseltools-gcc412-lnx26/bin/mipsel-linux-gcc static flag -static works
configure:9639: result: yes
configure:9654: checking if /opt/mipseltools-gcc412-lnx26/bin/mipsel-linux-gcc supports -c -o file.o
configure:9675: /opt/mipseltools-gcc412-lnx26/bin/mipsel-linux-gcc -c -g -O2 -DFT_CONFIG_OPTION_SYSTEM_ZLIB -I/home/rrock/dev/vogue/rootfs/usr/local/include -o out/conftest2.o conftest.c >&5
configure:9679: $? = 0
configure:9701: result: yes
configure:9709: checking if /opt/mipseltools-gcc412-lnx26/bin/mipsel-linux-gcc supports -c -o file.o
configure:9756: result: yes
configure:9789: checking whether the /opt/mipseltools-gcc412-lnx26/bin/mipsel-linux-gcc linker (/opt/mipseltools-gcc412-lnx26/bin/mipsel-linux-ld) supports shared libraries
configure:10947: result: yes
configure:10984: checking whether -lc should be explicitly linked in
configure:10992: /opt/mipseltools-gcc412-lnx26/bin/mipsel-linux-gcc -c -g -O2 -DFT_CONFIG_OPTION_SYSTEM_ZLIB -I/home/rrock/dev/vogue/rootfs/usr/local/include conftest.c >&5
configure:10995: $? = 0
configure:11010: /opt/mipseltools-gcc412-lnx26/bin/mipsel-linux-gcc -shared  -fPIC -DPIC conftest.o  -v -Wl,-soname -Wl,conftest -o conftest 2\>\&1 \| /bin/grep  -lc  \>/dev/null 2\>\&1
configure:11013: $? = 0
configure:11027: result: no
configure:11192: checking dynamic linker characteristics
configure:11706: /opt/mipseltools-gcc412-lnx26/bin/mipsel-linux-gcc -o conftest -g -O2 -DFT_CONFIG_OPTION_SYSTEM_ZLIB -I/home/rrock/dev/vogue/rootfs/usr/local/include -L/home/rrock/dev/vogue/rootfs/usr/local/lib -lz -Wl,-rpath -Wl,/foo conftest.c  >&5
configure:11706: $? = 0
configure:11928: result: GNU/Linux ld.so
configure:12035: checking how to hardcode library paths into programs
configure:12060: result: immediate
configure:12600: checking whether stripping libraries is possible
configure:12605: result: yes
configure:12640: checking if libtool supports shared libraries
configure:12642: result: yes
configure:12645: checking whether to build shared libraries
configure:12666: result: yes
configure:12669: checking whether to build static libraries
configure:12673: result: yes
configure:12846: creating ./config.status

## ---------------------- ##
## Running config.status. ##
## ---------------------- ##

This file was extended by FreeType config.status 2.4.8, which was
generated by GNU Autoconf 2.68.  Invocation command line was

  CONFIG_FILES    = 
  CONFIG_HEADERS  = 
  CONFIG_LINKS    = 
  CONFIG_COMMANDS = 
  $ ./config.status 

on rrockbook

config.status:1085: creating unix-cc.mk
config.status:1085: creating unix-def.mk
config.status:1085: creating freetype-config
config.status:1085: creating freetype2.pc
config.status:1085: creating ftconfig.h
config.status:1274: executing libtool commands

## ---------------- ##
## Cache variables. ##
## ---------------- ##

ac_cv_build=x86_64-unknown-linux-gnu
ac_cv_c_compiler_gnu=yes
ac_cv_c_const=yes
ac_cv_env_CC_set=set
ac_cv_env_CC_value=/opt/mipseltools-gcc412-lnx26/bin/mipsel-linux-gcc
ac_cv_env_CFLAGS_set=
ac_cv_env_CFLAGS_value=
ac_cv_env_CPPFLAGS_set=set
ac_cv_env_CPPFLAGS_value=-I/home/rrock/dev/vogue/rootfs/usr/local/include
ac_cv_env_CPP_set=
ac_cv_env_CPP_value=
ac_cv_env_LDFLAGS_set=set
ac_cv_env_LDFLAGS_value=-L/home/rrock/dev/vogue/rootfs/usr/local/lib
ac_cv_env_LIBS_set=
ac_cv_env_LIBS_value=
ac_cv_env_build_alias_set=
ac_cv_env_build_alias_value=
ac_cv_env_host_alias_set=set
ac_cv_env_host_alias_value=mipsel-linux
ac_cv_env_target_alias_set=
ac_cv_env_target_alias_value=
ac_cv_func_getpagesize=yes
ac_cv_func_memcpy=yes
ac_cv_func_memmove=yes
ac_cv_func_mmap_fixed_mapped=no
ac_cv_header_dlfcn_h=yes
ac_cv_header_fcntl_h=yes
ac_cv_header_inttypes_h=yes
ac_cv_header_memory_h=yes
ac_cv_header_stdc=yes
ac_cv_header_stdint_h=yes
ac_cv_header_stdlib_h=yes
ac_cv_header_string_h=yes
ac_cv_header_strings_h=yes
ac_cv_header_sys_param_h=yes
ac_cv_header_sys_stat_h=yes
ac_cv_header_sys_types_h=yes
ac_cv_header_unistd_h=yes
ac_cv_header_zlib_h=yes
ac_cv_host=mipsel-unknown-linux-gnu
ac_cv_lib_bz2_BZ2_bzDecompress=no
ac_cv_lib_z_gzsetparams=yes
ac_cv_objext=o
ac_cv_path_EGREP='/bin/grep -E'
ac_cv_path_FGREP='/bin/grep -F'
ac_cv_path_GREP=/bin/grep
ac_cv_path_SED=/bin/sed
ac_cv_path_install='/usr/bin/install -c'
ac_cv_prog_AR=/opt/mipseltools-gcc412-lnx26/bin/mipsel-linux-ar
ac_cv_prog_AWK=mawk
ac_cv_prog_CC=/opt/mipseltools-gcc412-lnx26/bin/mipsel-linux-gcc
ac_cv_prog_CC_BUILD=gcc
ac_cv_prog_CPP='/opt/mipseltools-gcc412-lnx26/bin/mipsel-linux-gcc -E'
ac_cv_prog_OBJDUMP=mipsel-linux-objdump
ac_cv_prog_RANLIB=/opt/mipseltools-gcc412-lnx26/bin/mipsel-linux-ranlib
ac_cv_prog_RMDIR=rmdir
ac_cv_prog_RMF='rm -f'
ac_cv_prog_STRIP=mipsel-linux-strip
ac_cv_prog_ac_ct_MANIFEST_TOOL=mt
ac_cv_prog_cc_c89=
ac_cv_prog_cc_g=yes
ac_cv_sizeof_int=4
ac_cv_sizeof_long=4
lt_cv_ar_at_file=@
lt_cv_archive_cmds_need_lc=no
lt_cv_deplibs_check_method=pass_all
lt_cv_file_magic_cmd='$MAGIC_CMD'
lt_cv_file_magic_test_file=
lt_cv_ld_reload_flag=-r
lt_cv_nm_interface='BSD nm'
lt_cv_objdir=.libs
lt_cv_path_LD=/opt/mipseltools-gcc412-lnx26/bin/mipsel-linux-ld
lt_cv_path_NM=/opt/mipseltools-gcc412-lnx26/bin/mipsel-linux-nm
lt_cv_path_mainfest_tool=no
lt_cv_prog_compiler_c_o=yes
lt_cv_prog_compiler_pic='-fPIC -DPIC'
lt_cv_prog_compiler_pic_works=yes
lt_cv_prog_compiler_rtti_exceptions=no
lt_cv_prog_compiler_static_works=yes
lt_cv_prog_gnu_ld=yes
lt_cv_sharedlib_from_linklib_cmd='printf %s\n'
lt_cv_shlibpath_overrides_runpath=no
lt_cv_sys_global_symbol_pipe='sed -n -e '\''s/^.*[	 ]\([ABCDGIRSTW][ABCDGIRSTW]*\)[	 ][	 ]*\([_A-Za-z][_A-Za-z0-9]*\)$/\1 \2 \2/p'\'' | sed '\''/ __gnu_lto/d'\'''
lt_cv_sys_global_symbol_to_c_name_address='sed -n -e '\''s/^: \([^ ]*\)[ ]*$/  {\"\1\", (void *) 0},/p'\'' -e '\''s/^[ABCDGIRSTW]* \([^ ]*\) \([^ ]*\)$/  {"\2", (void *) \&\2},/p'\'''
lt_cv_sys_global_symbol_to_c_name_address_lib_prefix='sed -n -e '\''s/^: \([^ ]*\)[ ]*$/  {\"\1\", (void *) 0},/p'\'' -e '\''s/^[ABCDGIRSTW]* \([^ ]*\) \(lib[^ ]*\)$/  {"\2", (void *) \&\2},/p'\'' -e '\''s/^[ABCDGIRSTW]* \([^ ]*\) \([^ ]*\)$/  {"lib\2", (void *) \&\2},/p'\'''
lt_cv_sys_global_symbol_to_cdecl='sed -n -e '\''s/^T .* \(.*\)$/extern int \1();/p'\'' -e '\''s/^[ABCDGIRSTW]* .* \(.*\)$/extern char \1;/p'\'''
lt_cv_sys_max_cmd_len=3458764513820540925
lt_cv_to_host_file_cmd=func_convert_file_noop
lt_cv_to_tool_file_cmd=func_convert_file_noop

## ----------------- ##
## Output variables. ##
## ----------------- ##

AR='/opt/mipseltools-gcc412-lnx26/bin/mipsel-linux-ar'
AS='as'
AWK='mawk'
CC='/opt/mipseltools-gcc412-lnx26/bin/mipsel-linux-gcc'
CC_BUILD='gcc'
CFLAGS='-g -O2 -DFT_CONFIG_OPTION_SYSTEM_ZLIB'
CPP='/opt/mipseltools-gcc412-lnx26/bin/mipsel-linux-gcc -E'
CPPFLAGS='-I/home/rrock/dev/vogue/rootfs/usr/local/include'
DEFS='-DHAVE_CONFIG_H'
DLLTOOL='false'
DSYMUTIL=''
DUMPBIN=''
ECHO_C=''
ECHO_N='-n'
ECHO_T=''
EGREP='/bin/grep -E'
EXEEXT=''
EXEEXT_BUILD=''
FGREP='/bin/grep -F'
FT2_EXTRA_LIBS=''
FTSYS_SRC='$(BASE_DIR)/ftsystem.c'
GREP='/bin/grep'
INSTALL_DATA='${INSTALL} -m 644'
INSTALL_PROGRAM='${INSTALL}'
INSTALL_SCRIPT='${INSTALL}'
LD='/opt/mipseltools-gcc412-lnx26/bin/mipsel-linux-ld'
LDFLAGS='-L/home/rrock/dev/vogue/rootfs/usr/local/lib -lz'
LIBBZ2=''
LIBOBJS=''
LIBS=''
LIBTOOL='$(SHELL) $(top_builddir)/libtool'
LIBZ='-lz'
LIPO=''
LN_S='ln -s'
LTLIBOBJS=''
MANIFEST_TOOL=':'
NM='/opt/mipseltools-gcc412-lnx26/bin/mipsel-linux-nm'
NMEDIT=''
OBJDUMP='mipsel-linux-objdump'
OBJEXT='o'
OTOOL64=''
OTOOL=''
PACKAGE_BUGREPORT='freetype@nongnu.org'
PACKAGE_NAME='FreeType'
PACKAGE_STRING='FreeType 2.4.8'
PACKAGE_TARNAME='freetype'
PACKAGE_URL=''
PACKAGE_VERSION='2.4.8'
PATH_SEPARATOR=':'
RANLIB='/opt/mipseltools-gcc412-lnx26/bin/mipsel-linux-ranlib'
RMDIR='rmdir'
RMF='rm -f'
SED='/bin/sed'
SHELL='/bin/bash'
STRIP='mipsel-linux-strip'
SYSTEM_ZLIB='yes'
XX_ANSIFLAGS='-pedantic -ansi'
XX_CFLAGS='-Wall'
ac_ct_AR=''
ac_ct_CC=''
ac_ct_DUMPBIN=''
bindir='${exec_prefix}/bin'
build='x86_64-unknown-linux-gnu'
build_alias=''
build_cpu='x86_64'
build_libtool_libs=''
build_os='linux-gnu'
build_vendor='unknown'
datadir='${datarootdir}'
datarootdir='${prefix}/share'
docdir='${datarootdir}/doc/${PACKAGE_TARNAME}'
dvidir='${docdir}'
exec_prefix='${prefix}'
ft_version='14.0.8'
ftmac_c=''
hardcode_libdir_flag_spec='${wl}-rpath ${wl}$libdir'
host='mipsel-unknown-linux-gnu'
host_alias='mipsel-linux'
host_cpu='mipsel'
host_os='linux-gnu'
host_vendor='unknown'
htmldir='${docdir}'
includedir='${prefix}/include'
infodir='${datarootdir}/info'
libdir='${exec_prefix}/lib'
libexecdir='${exec_prefix}/libexec'
localedir='${datarootdir}/locale'
localstatedir='${prefix}/var'
mandir='${datarootdir}/man'
oldincludedir='/usr/include'
pdfdir='${docdir}'
prefix='/home/rrock/dev/vogue/rootfs/usr/local'
program_transform_name='s,x,x,'
psdir='${docdir}'
sbindir='${exec_prefix}/sbin'
sharedstatedir='${prefix}/com'
sysconfdir='${prefix}/etc'
target_alias=''
version_info='14:0:8'
wl='-Wl,'

## ----------- ##
## confdefs.h. ##
## ----------- ##

/* confdefs.h */
#define PACKAGE_NAME "FreeType"
#define PACKAGE_TARNAME "freetype"
#define PACKAGE_VERSION "2.4.8"
#define PACKAGE_STRING "FreeType 2.4.8"
#define PACKAGE_BUGREPORT "freetype@nongnu.org"
#define PACKAGE_URL ""
#define STDC_HEADERS 1
#define HAVE_SYS_TYPES_H 1
#define HAVE_SYS_STAT_H 1
#define HAVE_STDLIB_H 1
#define HAVE_STRING_H 1
#define HAVE_MEMORY_H 1
#define HAVE_STRINGS_H 1
#define HAVE_INTTYPES_H 1
#define HAVE_STDINT_H 1
#define HAVE_UNISTD_H 1
#define HAVE_FCNTL_H 1
#define HAVE_UNISTD_H 1
#define SIZEOF_INT 4
#define SIZEOF_LONG 4
#define HAVE_STDLIB_H 1
#define HAVE_UNISTD_H 1
#define HAVE_SYS_PARAM_H 1
#define HAVE_GETPAGESIZE 1
#define HAVE_MEMCPY 1
#define HAVE_MEMMOVE 1
#define HAVE_DLFCN_H 1
#define LT_OBJDIR ".libs/"

configure: exit 0
